2025-10-30 10:02:16 [INFO] Stopping Glance related services...
 Container glance  Stopping
 Container glance  Stopped
 Container glance  Removing
 Container glance  Removed
 Network glance_default  Removing
 Network glance_default  Removed
2025-10-30 10:02:16 [OK] Services stopped successfully.
2025-10-30 10:02:16 [INFO] Preparing Git branch for backup: 1030
fatal: detected dubious ownership in repository at '/home/opc/glance'
To add an exception for this directory, call:

	git config --global --add safe.directory /home/opc/glance
2025-10-30 10:02:16 [INFO] Branch 1030 does not exist. Creating new branch...
fatal: detected dubious ownership in repository at '/home/opc/glance'
To add an exception for this directory, call:

	git config --global --add safe.directory /home/opc/glance
2025-10-30 10:02:16 [INFO] Committing changes...
fatal: detected dubious ownership in repository at '/home/opc/glance'
To add an exception for this directory, call:

	git config --global --add safe.directory /home/opc/glance
fatal: detected dubious ownership in repository at '/home/opc/glance'
To add an exception for this directory, call:

	git config --global --add safe.directory /home/opc/glance
2025-10-30 10:02:16 [INFO] No changes to commit.
2025-10-30 10:02:16 [INFO] Pushing changes to GitHub branch 1030...
fatal: detected dubious ownership in repository at '/home/opc/glance'
To add an exception for this directory, call:

	git config --global --add safe.directory /home/opc/glance
2025-10-30 10:02:16 [ERROR] Failed to push to GitHub.
2025-10-30 10:02:41 [INFO] Stopping Glance related services...
2025-10-30 10:02:42 [OK] Services stopped successfully.
2025-10-30 10:02:42 [INFO] Preparing Git branch for backup: 1030
fatal: detected dubious ownership in repository at '/home/opc/glance'
To add an exception for this directory, call:

	git config --global --add safe.directory /home/opc/glance
2025-10-30 10:02:42 [INFO] Branch 1030 does not exist. Creating new branch...
fatal: detected dubious ownership in repository at '/home/opc/glance'
To add an exception for this directory, call:

	git config --global --add safe.directory /home/opc/glance
2025-10-30 10:02:42 [INFO] Committing changes...
fatal: detected dubious ownership in repository at '/home/opc/glance'
To add an exception for this directory, call:

	git config --global --add safe.directory /home/opc/glance
fatal: detected dubious ownership in repository at '/home/opc/glance'
To add an exception for this directory, call:

	git config --global --add safe.directory /home/opc/glance
2025-10-30 10:02:42 [INFO] No changes to commit.
2025-10-30 10:02:42 [INFO] Pushing changes to GitHub branch 1030...
fatal: detected dubious ownership in repository at '/home/opc/glance'
To add an exception for this directory, call:

	git config --global --add safe.directory /home/opc/glance
2025-10-30 10:02:42 [ERROR] Failed to push to GitHub.
2025-10-30 10:21:48 [INFO] Stopping Glance related services...
permission denied while trying to connect to the Docker daemon socket at unix:///var/run/docker.sock: Get "http://%2Fvar%2Frun%2Fdocker.sock/v1.45/containers/json?all=1&filters=%7B%22label%22%3A%7B%22com.docker.compose.config-hash%22%3Atrue%2C%22com.docker.compose.oneoff%3DFalse%22%3Atrue%2C%22com.docker.compose.project%3Dglance%22%3Atrue%7D%7D": dial unix /var/run/docker.sock: connect: permission denied
2025-10-30 10:21:48 [ERROR] Failed to stop services with docker compose.
2025-10-30 10:22:42 [INFO] Stopping Glance related services...
 Container glance  Stopping
 Container glance  Stopped
 Container glance  Removing
 Container glance  Removed
 Network glance_default  Removing
 Network glance_default  Removed
2025-10-30 10:22:43 [OK] Services stopped successfully.
2025-10-30 10:22:43 [INFO] Preparing Git branch for backup: 1030
2025-10-30 10:22:44 [INFO] Branch 1030 does not exist. Creating new branch...
Switched to a new branch '1030'
M	git-push.sh
M	logs/glance_backup_20251030.log
2025-10-30 10:22:44 [INFO] Committing changes...
